0 info it worked if it ends with ok
1 verbose cli [ '/Users/ops/.nvm/versions/node/v4.2.1/bin/node',
1 verbose cli   '/Users/ops/.nvm/versions/node/v4.2.1/bin/npm',
1 verbose cli   'publish' ]
2 info using npm@2.14.7
3 info using node@v4.2.1
4 verbose publish [ '.' ]
5 silly cache add args [ '.', null ]
6 verbose cache add spec .
7 silly cache add parsed spec Result {
7 silly cache add   raw: '.',
7 silly cache add   scope: null,
7 silly cache add   name: null,
7 silly cache add   rawSpec: '.',
7 silly cache add   spec: '/Users/ops/Projects/starwars-names',
7 silly cache add   type: 'directory' }
8 verbose addLocalDirectory /Users/ops/.npm/dj-starwars-names/1.0.0/package.tgz not in flight; packing
9 verbose tar pack [ '/Users/ops/.npm/dj-starwars-names/1.0.0/package.tgz',
9 verbose tar pack   '/Users/ops/Projects/starwars-names' ]
10 verbose tarball /Users/ops/.npm/dj-starwars-names/1.0.0/package.tgz
11 verbose folder /Users/ops/Projects/starwars-names
12 info prepublish dj-starwars-names@1.0.0
13 verbose addLocalTarball adding from inside cache /Users/ops/.npm/dj-starwars-names/1.0.0/package.tgz
14 silly cache afterAdd dj-starwars-names@1.0.0
15 verbose afterAdd /Users/ops/.npm/dj-starwars-names/1.0.0/package/package.json not in flight; writing
16 verbose afterAdd /Users/ops/.npm/dj-starwars-names/1.0.0/package/package.json written
17 silly publish { name: 'dj-starwars-names',
17 silly publish   version: '1.0.0',
17 silly publish   description: 'get random starwars names',
17 silly publish   main: 'src/index.js',
17 silly publish   scripts: { test: 'echo "Error: no test specified" && exit 1' },
17 silly publish   repository:
17 silly publish    { type: 'git',
17 silly publish      url: 'git+https://github.com/copyleftdev/starwars-names.git' },
17 silly publish   keywords: [ 'name', 'starwars' ],
17 silly publish   author:
17 silly publish    { name: 'Donald Johnson',
17 silly publish      email: 'dj@codetestcode.io',
17 silly publish      url: 'http://www.codetestcode.io/' },
17 silly publish   license: 'MIT',
17 silly publish   bugs: { url: 'https://github.com/copyleftdev/starwars-names/issues' },
17 silly publish   homepage: 'https://github.com/copyleftdev/starwars-names#readme',
17 silly publish   dependencies: { 'unique-random-array': '1.0.0' },
17 silly publish   devDependencies: {},
17 silly publish   readme: '# starwars-names\n',
17 silly publish   readmeFilename: 'README.md',
17 silly publish   gitHead: 'a5a73d100894b91e2fecaebf2f6fc0d832ead81c',
17 silly publish   _id: 'dj-starwars-names@1.0.0',
17 silly publish   _shasum: '1bf9d1624401c48cf6c9bcc1b2cffd92b9f5d205',
17 silly publish   _from: '.' }
18 verbose getPublishConfig undefined
19 silly mapToRegistry name dj-starwars-names
20 silly mapToRegistry using default registry
21 silly mapToRegistry registry https://registry.npmjs.org/
22 silly mapToRegistry uri https://registry.npmjs.org/dj-starwars-names
23 verbose publish registryBase https://registry.npmjs.org/
24 silly publish uploading /Users/ops/.npm/dj-starwars-names/1.0.0/package.tgz
25 verbose request uri https://registry.npmjs.org/dj-starwars-names
26 verbose request sending authorization for write operation
27 info attempt registry request try #1 at 6:58:14 AM
28 verbose request using bearer token for auth
29 verbose request id ada4c6ffbed121cc
30 http request PUT https://registry.npmjs.org/dj-starwars-names
31 http 403 https://registry.npmjs.org/dj-starwars-names
32 verbose headers { 'content-type': 'application/json',
32 verbose headers   'cache-control': 'max-age=300',
32 verbose headers   'content-length': '95',
32 verbose headers   'accept-ranges': 'bytes',
32 verbose headers   date: 'Fri, 01 Jan 2016 14:58:39 GMT',
32 verbose headers   via: '1.1 varnish',
32 verbose headers   connection: 'keep-alive',
32 verbose headers   'x-served-by': 'cache-lax1430-LAX',
32 verbose headers   'x-cache': 'MISS',
32 verbose headers   'x-cache-hits': '0',
32 verbose headers   'x-timer': 'S1451660294.587979,VS0,VE25093' }
33 verbose request invalidating /Users/ops/.npm/registry.npmjs.org/dj-starwars-names on PUT
34 error publish Failed PUT 403
35 verbose stack Error: "You cannot publish over the previously published version 1.0.0." : dj-starwars-names
35 verbose stack     at makeError (/Users/ops/.nvm/versions/node/v4.2.1/lib/node_modules/npm/node_modules/npm-registry-client/lib/request.js:264:12)
35 verbose stack     at CachingRegistryClient.<anonymous> (/Users/ops/.nvm/versions/node/v4.2.1/lib/node_modules/npm/node_modules/npm-registry-client/lib/request.js:252:14)
35 verbose stack     at Request._callback (/Users/ops/.nvm/versions/node/v4.2.1/lib/node_modules/npm/node_modules/npm-registry-client/lib/request.js:172:14)
35 verbose stack     at Request.self.callback (/Users/ops/.nvm/versions/node/v4.2.1/lib/node_modules/npm/node_modules/request/request.js:198:22)
35 verbose stack     at emitTwo (events.js:87:13)
35 verbose stack     at Request.emit (events.js:172:7)
35 verbose stack     at Request.<anonymous> (/Users/ops/.nvm/versions/node/v4.2.1/lib/node_modules/npm/node_modules/request/request.js:1063:14)
35 verbose stack     at emitOne (events.js:82:20)
35 verbose stack     at Request.emit (events.js:169:7)
35 verbose stack     at IncomingMessage.<anonymous> (/Users/ops/.nvm/versions/node/v4.2.1/lib/node_modules/npm/node_modules/request/request.js:1009:12)
36 verbose statusCode 403
37 verbose pkgid dj-starwars-names
38 verbose cwd /Users/ops/Projects/starwars-names
39 error Darwin 15.2.0
40 error argv "/Users/ops/.nvm/versions/node/v4.2.1/bin/node" "/Users/ops/.nvm/versions/node/v4.2.1/bin/npm" "publish"
41 error node v4.2.1
42 error npm  v2.14.7
43 error code E403
44 error "You cannot publish over the previously published version 1.0.0." : dj-starwars-names
45 error If you need help, you may report this error at:
45 error     <https://github.com/npm/npm/issues>
46 verbose exit [ 1, true ]
